[2026-01-27 19:46:35] >>> CRITICO - Uso RAM: 28.00% (Libre: 1351MB)
Top Procesos:
Runner.Listener (122.84 MB)
Runner.Worker (104.07 MB)
node (38.375 MB)
multipathd (26.625 MB)
unattended-upgr (22.375 MB)
[2026-01-27 20:09:01] >>> CRITICO - Uso RAM: 26.00% (Libre: 1389MB)
Top Procesos:
Runner.Listener (123.992 MB)
node (38.375 MB)
multipathd (26.625 MB)
unattended-upgr (22.375 MB)
systemd-journal (16.918 MB)
--------------------------------------------------
[2026-01-27 21:29:12] ESTADO: Uso 29.00% (.55GB) | Libre 1.30GB
--------------------------------------------------
[2026-01-27 21:30:01] ESTADO: Uso 26.00% (.48GB) | Libre 1.36GB
--------------------------------------------------
[2026-01-27 21:31:01] ESTADO: Uso 26.00% (.48GB) | Libre 1.36GB
--------------------------------------------------
[2026-01-27 21:32:01] ESTADO: Uso 25.00% (.47GB) | Libre 1.38GB
--------------------------------------------------
[2026-01-27 21:33:01] ESTADO: Uso 25.00% (.46GB) | Libre 1.38GB
--------------------------------------------------
[2026-01-27 21:34:01] ESTADO: Uso 25.00% (.47GB) | Libre 1.38GB
[2026-01-27 21:34:40] >>> EMPEORANDO - Uso RAM: 31.00% (Libre: 1303MB)
Top Procesos:
Runner.Listener (128.938 MB)
apt (88.8477 MB)
node (38.375 MB)
multipathd (26.625 MB)
unattended-upgr (22.375 MB)
--------------------------------------------------
[2026-01-27 21:35:01] ESTADO: Uso 29.00% (.53GB) | Libre 1.31GB
--------------------------------------------------
[2026-01-27 21:36:01] ESTADO: Uso 27.00% (.50GB) | Libre 1.34GB
--------------------------------------------------
[2026-01-27 21:37:01] ESTADO: Uso 27.00% (.50GB) | Libre 1.34GB
--------------------------------------------------
[2026-01-27 21:38:01] ESTADO: Uso 27.00% (.50GB) | Libre 1.34GB
--------------------------------------------------
[2026-01-27 21:39:01] ESTADO: Uso 27.00% (.50GB) | Libre 1.35GB
--------------------------------------------------
[2026-01-27 21:40:01] ESTADO: Uso 27.00% (.50GB) | Libre 1.35GB
--------------------------------------------------
[2026-01-27 21:41:01] ESTADO: Uso 25.00% (.47GB) | Libre 1.38GB
--------------------------------------------------
[2026-01-27 21:42:01] ESTADO: Uso 25.00% (.47GB) | Libre 1.38GB
--------------------------------------------------
[2026-01-27 21:42:19] ESTADO: Uso 29.00% (.54GB) | Libre 1.30GB
--------------------------------------------------
[2026-01-27 21:43:01] ESTADO: Uso 26.00% (.48GB) | Libre 1.37GB
--------------------------------------------------
[2026-01-27 21:44:01] ESTADO: Uso 26.00% (.48GB) | Libre 1.37GB
--------------------------------------------------
[2026-01-27 21:45:01] ESTADO: Uso 26.00% (.48GB) | Libre 1.37GB
--------------------------------------------------
[2026-01-27 21:46:01] ESTADO: Uso 26.00% (.48GB) | Libre 1.37GB
--------------------------------------------------
[2026-01-27 21:47:01] ESTADO: Uso 26.00% (.48GB) | Libre 1.37GB
[2026-01-27 21:47:12] >>> EMPEORANDO - Uso RAM: 79.00% (Libre: 399MB)
Top Procesos:
stress-ng-vm (1026.42 MB)
Runner.Listener (129.312 MB)
node (38.375 MB)
multipathd (26.625 MB)
stress-ng (22.5 MB)
[2026-01-27 21:47:32] >>> EMPEORANDO - Uso RAM: 85.00% (Libre: 268MB)
Top Procesos:
stress-ng-vm (1154.67 MB)
Runner.Listener (129.312 MB)
node (38.375 MB)
multipathd (26.625 MB)
stress-ng (22.5 MB)
--------------------------------------------------
[2026-01-27 21:48:01] ESTADO: Uso 80.00% (1.48GB) | Libre .37GB
>>> [CRITICO] Umbral (75%) superado
Top Procesos:
stress-ng-vm (1026.84 MB)
Runner.Listener (129.312 MB)
node (38.375 MB)
multipathd (26.625 MB)
stress-ng (22.5 MB)
--------------------------------------------------
[2026-01-27 21:49:01] ESTADO: Uso 24.00% (.46GB) | Libre 1.39GB
--------------------------------------------------
[2026-01-27 21:50:01] ESTADO: Uso 24.00% (.46GB) | Libre 1.39GB
--------------------------------------------------
[2026-01-27 21:51:01] ESTADO: Uso 24.00% (.45GB) | Libre 1.39GB
--------------------------------------------------
[2026-01-27 21:52:01] ESTADO: Uso 24.00% (.45GB) | Libre 1.40GB
--------------------------------------------------
[2026-01-27 21:53:01] ESTADO: Uso 23.00% (.44GB) | Libre 1.41GB
--------------------------------------------------
[2026-01-27 21:54:01] ESTADO: Uso 23.00% (.44GB) | Libre 1.41GB
--------------------------------------------------
[2026-01-27 21:55:01] ESTADO: Uso 23.00% (.44GB) | Libre 1.41GB
--------------------------------------------------
[2026-01-27 21:56:01] ESTADO: Uso 23.00% (.44GB) | Libre 1.41GB
--------------------------------------------------
[2026-01-27 21:57:01] ESTADO: Uso 25.00% (.46GB) | Libre 1.38GB
--------------------------------------------------
[2026-01-27 21:58:01] ESTADO: Uso 25.00% (.46GB) | Libre 1.38GB
--------------------------------------------------
[2026-01-27 21:59:02] ESTADO: Uso 25.00% (.46GB) | Libre 1.38GB
--------------------------------------------------
[2026-01-27 22:00:02] ESTADO: Uso 25.00% (.46GB) | Libre 1.38GB
--------------------------------------------------
[2026-01-27 22:01:01] ESTADO: Uso 25.00% (.46GB) | Libre 1.39GB
--------------------------------------------------
[2026-01-27 22:02:01] ESTADO: Uso 25.00% (.46GB) | Libre 1.39GB
--------------------------------------------------
[2026-01-27 22:03:01] ESTADO: Uso 25.00% (.46GB) | Libre 1.39GB
--------------------------------------------------
[2026-01-27 22:04:01] ESTADO: Uso 24.00% (.45GB) | Libre 1.39GB
--------------------------------------------------
[2026-01-27 22:05:01] ESTADO: Uso 24.00% (.45GB) | Libre 1.39GB
--------------------------------------------------
[2026-01-27 22:06:01] ESTADO: Uso 24.00% (.45GB) | Libre 1.40GB
--------------------------------------------------
[2026-01-27 22:07:01] ESTADO: Uso 24.00% (.45GB) | Libre 1.40GB
--------------------------------------------------
[2026-01-27 22:08:01] ESTADO: Uso 24.00% (.45GB) | Libre 1.40GB
--------------------------------------------------
[2026-01-27 22:09:01] ESTADO: Uso 24.00% (.45GB) | Libre 1.40GB
--------------------------------------------------
[2026-01-27 22:09:26] ESTADO: Uso 28.00% (.52GB) | Libre 1.33GB
--------------------------------------------------
[2026-01-27 22:10:01] ESTADO: Uso 25.00% (.47GB) | Libre 1.37GB
--------------------------------------------------
[2026-01-27 22:11:01] ESTADO: Uso 25.00% (.47GB) | Libre 1.37GB
--------------------------------------------------
[2026-01-27 22:12:01] ESTADO: Uso 78.00% (1.45GB) | Libre .39GB
>>> [ALERTA] CONSUMO DE MEMORIA: 78%
Top Procesos:
stress-ng-vm (1026.71 MB)
Runner.Listener (118.617 MB)
multipathd (26.625 MB)
stress-ng (21.75 MB)
systemd-journal (16.293 MB)
--------------------------------------------------
[2026-01-27 22:13:01] ESTADO: Uso 29.00% (.54GB) | Libre 1.31GB
--------------------------------------------------
[2026-01-27 22:14:01] ESTADO: Uso 24.00% (.45GB) | Libre 1.39GB
--------------------------------------------------
[2026-01-27 22:15:01] ESTADO: Uso 78.00% (1.46GB) | Libre .39GB
>>> [ALERTA] CONSUMO DE MEMORIA: 78%
Top Procesos:
stress-ng-vm (1026.58 MB)
Runner.Listener (115.617 MB)
multipathd (26.625 MB)
stress-ng (22.25 MB)
systemd-journal (16.293 MB)
--------------------------------------------------
[2026-01-27 22:16:01] ESTADO: Uso 79.00% (1.47GB) | Libre .38GB
>>> [ALERTA] CONSUMO DE MEMORIA: 79%
Top Procesos:
stress-ng-vm (1026.58 MB)
Runner.Listener (115.492 MB)
multipathd (26.625 MB)
stress-ng (22.25 MB)
systemd-journal (16.293 MB)
--------------------------------------------------
[2026-01-27 22:17:01] ESTADO: Uso 79.00% (1.47GB) | Libre .38GB
>>> [ALERTA] CONSUMO: EN AUMENTO (79%)
Top Procesos:
stress-ng-vm (1026.58 MB)
Runner.Listener (114.484 MB)
multipathd (26.625 MB)
stress-ng (22.25 MB)
systemd-journal (16.293 MB)
--------------------------------------------------
[2026-01-27 22:18:01] ESTADO: Uso 74.00% (1.39GB) | Libre .46GB
--------------------------------------------------
[2026-01-27 22:19:01] ESTADO: Uso 81.00% (1.50GB) | Libre .34GB
>>> [ALERTA] CONSUMO DE MEMORIA: 81%
Top Procesos:
stress-ng-vm (514.84 MB)
stress-ng-vm (504.09 MB)
Runner.Listener (111.109 MB)
multipathd (26.625 MB)
stress-ng (22.25 MB)
--------------------------------------------------
[2026-01-27 22:20:01] ESTADO: Uso 70.00% (1.30GB) | Libre .55GB
--------------------------------------------------
[2026-01-27 22:21:01] ESTADO: Uso 83.00% (1.54GB) | Libre .31GB
>>> [ALERTA] CONSUMO DE MEMORIA: 83%
Top Procesos:
stress-ng-vm (514.84 MB)
stress-ng-vm (511.84 MB)
Runner.Listener (108.484 MB)
multipathd (26.625 MB)
stress-ng (22.25 MB)
--------------------------------------------------
[2026-01-27 22:22:01] ESTADO: Uso 75.00% (1.40GB) | Libre .44GB
>>> [ALERTA] CONSUMO DE MEMORIA: 75%
Top Procesos:
stress-ng-vm (343.891 MB)
stress-ng-vm (272.328 MB)
stress-ng-vm (253.941 MB)
Runner.Listener (108.484 MB)
multipathd (26.625 MB)
--------------------------------------------------
[2026-01-27 22:23:01] ESTADO: Uso 83.00% (1.54GB) | Libre .31GB
>>> [ALERTA] CONSUMO: EN AUMENTO (83%)
Top Procesos:
stress-ng-vm (343.879 MB)
stress-ng-vm (343.863 MB)
stress-ng-vm (343.836 MB)
Runner.Listener (102.859 MB)
multipathd (26.625 MB)
--------------------------------------------------
[2026-01-27 22:24:01] ESTADO: Uso 72.00% (1.35GB) | Libre .50GB
[2026-01-27 22:24:04] >>> EMPEORANDO - Uso RAM: 92.00% (Libre: 152MB)
Top Procesos:
stress-ng-vm (333.461 MB)
stress-ng-vm (257.766 MB)
stress-ng-vm (257.641 MB)
stress-ng-vm (248.051 MB)
stress-ng-vm (134.836 MB)
--------------------------------------------------
[2026-01-27 22:25:01] ESTADO: Uso 90.00% (1.67GB) | Libre .18GB
>>> [CRITICO] CONSUMO DE MEMORIA: 90%
Top Procesos:
stress-ng-vm (258.84 MB)
stress-ng-vm (258.836 MB)
stress-ng-vm (258.758 MB)
stress-ng-vm (258.711 MB)
stress-ng-vm (141.84 MB)
[2026-01-27 22:25:19] >>> EMPEORANDO - Uso RAM: 97.00% (Libre: 57MB)
Top Procesos:
stress-ng-vm (290.715 MB)
stress-ng-vm (290.652 MB)
stress-ng-vm (290.586 MB)
stress-ng-vm (258.586 MB)
stress-ng-vm (138.84 MB)
--------------------------------------------------
[2026-01-27 22:26:01] ESTADO: Uso 95.00% (1.76GB) | Libre .08GB
>>> [CRITICO] CONSUMO DE MEMORIA: 95%
Top Procesos:
stress-ng-vm (269.059 MB)
stress-ng-vm (205.762 MB)
stress-ng-vm (205.68 MB)
stress-ng-vm (194.422 MB)
stress-ng-vm (173.176 MB)
--------------------------------------------------
[2026-01-27 22:27:01] ESTADO: Uso 77.00% (1.43GB) | Libre .41GB
>>> [ALERTA] CONSUMO DE MEMORIA: 77%
Top Procesos:
stress-ng-vm (231.781 MB)
stress-ng-vm (231.762 MB)
stress-ng-vm (190.934 MB)
stress-ng-vm (117.922 MB)
stress-ng-vm (86.1836 MB)
--------------------------------------------------
[2026-01-27 22:28:01] ESTADO: Uso 76.00% (1.41GB) | Libre .43GB
>>> [ALERTA] CONSUMO DE MEMORIA: 76%
Top Procesos:
stress-ng-vm (206.34 MB)
stress-ng-vm (206.188 MB)
stress-ng-vm (206.098 MB)
stress-ng-vm (126.156 MB)
stress-ng-vm (107.035 MB)
--------------------------------------------------
[2026-01-27 22:29:01] ESTADO: Uso 73.00% (1.36GB) | Libre .48GB
--------------------------------------------------
[2026-01-27 22:30:02] ESTADO: Uso 73.00% (1.36GB) | Libre .49GB
--------------------------------------------------
[2026-01-27 22:31:01] ESTADO: Uso 73.00% (1.36GB) | Libre .49GB
--------------------------------------------------
[2026-01-27 22:32:01] ESTADO: Uso 73.00% (1.36GB) | Libre .49GB
--------------------------------------------------
[2026-01-27 22:33:01] ESTADO: Uso 73.00% (1.36GB) | Libre .48GB
--------------------------------------------------
[2026-01-27 22:34:01] ESTADO: Uso 73.00% (1.36GB) | Libre .48GB
--------------------------------------------------
[2026-01-27 22:35:01] ESTADO: Uso 73.00% (1.36GB) | Libre .49GB
--------------------------------------------------
[2026-01-27 22:36:01] ESTADO: Uso 73.00% (1.37GB) | Libre .48GB
--------------------------------------------------
[2026-01-27 22:37:01] ESTADO: Uso 73.00% (1.37GB) | Libre .48GB
--------------------------------------------------
[2026-01-27 22:38:01] ESTADO: Uso 73.00% (1.37GB) | Libre .48GB
--------------------------------------------------
[2026-01-27 22:39:01] ESTADO: Uso 73.00% (1.36GB) | Libre .48GB
--------------------------------------------------
[2026-01-27 22:40:01] ESTADO: Uso 74.00% (1.38GB) | Libre .46GB
--------------------------------------------------
[2026-01-27 22:41:01] ESTADO: Uso 75.00% (1.39GB) | Libre .46GB
>>> [ALERTA] CONSUMO DE MEMORIA: 75%
Top Procesos:
stress-ng-vm (206.34 MB)
stress-ng-vm (206.188 MB)
stress-ng-vm (206.098 MB)
stress-ng-vm (126.156 MB)
stress-ng-vm (107.035 MB)
--------------------------------------------------
[2026-01-27 22:42:01] ESTADO: Uso 75.00% (1.39GB) | Libre .46GB
>>> [ALERTA] CONSUMO DE MEMORIA: 75%
Top Procesos:
stress-ng-vm (206.34 MB)
stress-ng-vm (206.188 MB)
stress-ng-vm (206.098 MB)
stress-ng-vm (126.156 MB)
stress-ng-vm (107.035 MB)
--------------------------------------------------
[2026-01-27 22:43:01] ESTADO: Uso 75.00% (1.39GB) | Libre .46GB
>>> [ALERTA] CONSUMO: EN AUMENTO (75%)
Top Procesos:
stress-ng-vm (206.34 MB)
stress-ng-vm (206.188 MB)
stress-ng-vm (206.098 MB)
stress-ng-vm (126.156 MB)
stress-ng-vm (107.035 MB)
--------------------------------------------------
[2026-01-27 22:44:01] ESTADO: Uso 75.00% (1.39GB) | Libre .46GB
>>> [ALERTA] CONSUMO: EN AUMENTO (75%)
Top Procesos:
stress-ng-vm (206.34 MB)
stress-ng-vm (206.188 MB)
stress-ng-vm (206.098 MB)
stress-ng-vm (126.156 MB)
stress-ng-vm (107.035 MB)
--------------------------------------------------
[2026-01-27 22:45:01] ESTADO: Uso 75.00% (1.39GB) | Libre .46GB
>>> [ALERTA] CONSUMO: EN AUMENTO (75%)
Top Procesos:
stress-ng-vm (206.34 MB)
stress-ng-vm (206.188 MB)
stress-ng-vm (206.098 MB)
stress-ng-vm (126.156 MB)
stress-ng-vm (107.035 MB)
--------------------------------------------------
[2026-01-27 22:46:01] ESTADO: Uso 74.00% (1.38GB) | Libre .46GB
--------------------------------------------------
[2026-01-27 22:47:01] ESTADO: Uso 74.00% (1.38GB) | Libre .47GB
--------------------------------------------------
[2026-01-27 22:48:01] ESTADO: Uso 74.00% (1.38GB) | Libre .46GB
--------------------------------------------------
[2026-01-27 22:49:01] ESTADO: Uso 74.00% (1.38GB) | Libre .47GB
--------------------------------------------------
[2026-01-27 22:50:01] ESTADO: Uso 74.00% (1.37GB) | Libre .47GB
--------------------------------------------------
[2026-01-27 22:51:01] ESTADO: Uso 74.00% (1.38GB) | Libre .47GB
--------------------------------------------------
[2026-01-27 22:52:01] ESTADO: Uso 74.00% (1.38GB) | Libre .47GB
--------------------------------------------------
[2026-01-27 22:53:01] ESTADO: Uso 74.00% (1.38GB) | Libre .47GB
--------------------------------------------------
[2026-01-27 22:54:01] ESTADO: Uso 74.00% (1.38GB) | Libre .46GB
--------------------------------------------------
[2026-01-27 22:55:01] ESTADO: Uso 74.00% (1.38GB) | Libre .46GB
--------------------------------------------------
[2026-01-27 22:56:01] ESTADO: Uso 74.00% (1.38GB) | Libre .46GB
--------------------------------------------------
[2026-01-27 22:57:01] ESTADO: Uso 74.00% (1.38GB) | Libre .46GB
--------------------------------------------------
[2026-01-27 22:58:01] ESTADO: Uso 74.00% (1.38GB) | Libre .46GB
--------------------------------------------------
[2026-01-27 22:59:01] ESTADO: Uso 74.00% (1.38GB) | Libre .46GB
--------------------------------------------------
[2026-01-27 23:00:01] ESTADO: Uso 74.00% (1.38GB) | Libre .46GB
--------------------------------------------------
[2026-01-27 23:01:01] ESTADO: Uso 89.00% (1.65GB) | Libre .20GB
>>> [ALERTA] CONSUMO DE MEMORIA: 89%
Top Procesos:
stress-ng-vm (288.93 MB)
stress-ng-vm (256.953 MB)
stress-ng-vm (256.918 MB)
stress-ng-vm (182.938 MB)
stress-ng-vm (114.598 MB)
--------------------------------------------------
[2026-01-27 23:02:02] ESTADO: Uso 95.00% (1.77GB) | Libre .07GB
>>> [CRITICO] CONSUMO DE MEMORIA: 95%
Top Procesos:
stress-ng-vm (258.215 MB)
stress-ng-vm (258.199 MB)
stress-ng-vm (220.332 MB)
stress-ng-vm (181.938 MB)
stress-ng-vm (142.379 MB)
--------------------------------------------------
[2026-01-27 23:03:01] ESTADO: Uso 95.00% (1.77GB) | Libre .08GB
>>> [CRITICO] CONSUMO DE MEMORIA: 95%
Top Procesos:
stress-ng-vm (258.215 MB)
stress-ng-vm (258.09 MB)
stress-ng-vm (257.965 MB)
stress-ng-vm (181.562 MB)
stress-ng-vm (142.379 MB)
--------------------------------------------------
[2026-01-27 23:04:01] ESTADO: Uso 98.00% (1.81GB) | Libre .03GB
>>> [CRITICO] CONSUMO DE MEMORIA: 98%
Top Procesos:
stress-ng-vm (290.09 MB)
stress-ng-vm (258.211 MB)
stress-ng-vm (258.098 MB)
stress-ng-vm (257.961 MB)
stress-ng-vm (142.379 MB)
--------------------------------------------------
[2026-01-27 23:05:01] ESTADO: Uso 89.00% (1.66GB) | Libre .19GB
>>> [ALERTA] CONSUMO DE MEMORIA: 89%
Top Procesos:
stress-ng-vm (290.086 MB)
stress-ng-vm (258.586 MB)
stress-ng-vm (233.57 MB)
stress-ng-vm (142.379 MB)
stress-ng-vm (87.4609 MB)
--------------------------------------------------
[2026-01-27 23:06:01] ESTADO: Uso 82.00% (1.53GB) | Libre .32GB
>>> [ALERTA] CONSUMO DE MEMORIA: 82%
Top Procesos:
stress-ng-vm (258.461 MB)
stress-ng-vm (217.211 MB)
stress-ng-vm (214.754 MB)
stress-ng-vm (142.379 MB)
stress-ng-vm (128.414 MB)
--------------------------------------------------
[2026-01-27 23:07:01] ESTADO: Uso 77.00% (1.44GB) | Libre .41GB
>>> [ALERTA] CONSUMO: EN AUMENTO (77%)
Top Procesos:
stress-ng-vm (258.211 MB)
stress-ng-vm (257.961 MB)
stress-ng-vm (142.379 MB)
stress-ng-vm (84.2852 MB)
stress-ng-vm (80.2148 MB)
--------------------------------------------------
[2026-01-27 23:08:02] ESTADO: Uso 86.00% (1.60GB) | Libre .25GB
>>> [ALERTA] CONSUMO: EN AUMENTO (86%)
Top Procesos:
stress-ng-vm (258.211 MB)
stress-ng-vm (258.211 MB)
stress-ng-vm (258.207 MB)
stress-ng-vm (142.379 MB)
stress-ng-vm (80.2148 MB)
--------------------------------------------------
[2026-01-27 23:09:01] ESTADO: Uso 45.00% (.84GB) | Libre 1.01GB
--------------------------------------------------
[2026-01-27 23:10:01] ESTADO: Uso 45.00% (.84GB) | Libre 1.01GB
--------------------------------------------------
[2026-01-27 23:11:01] ESTADO: Uso 45.00% (.84GB) | Libre 1.01GB
--------------------------------------------------
[2026-01-27 23:12:01] ESTADO: Uso 44.00% (.82GB) | Libre 1.02GB
--------------------------------------------------
[2026-01-27 23:13:01] ESTADO: Uso 86.00% (1.60GB) | Libre .25GB
>>> [ALERTA] CONSUMO DE MEMORIA: 86%
Top Procesos:
stress-ng-vm (194.41 MB)
stress-ng-vm (194.301 MB)
stress-ng-vm (173.098 MB)
stress-ng-vm (164.16 MB)
stress-ng-vm (105.754 MB)
--------------------------------------------------
[2026-01-27 23:14:01] ESTADO: Uso 87.00% (1.62GB) | Libre .22GB
>>> [ALERTA] CONSUMO DE MEMORIA: 87%
Top Procesos:
stress-ng-vm (172.105 MB)
stress-ng-vm (172.105 MB)
stress-ng-vm (171.957 MB)
stress-ng-vm (171.941 MB)
stress-ng-vm (163.301 MB)
--------------------------------------------------
[2026-01-27 23:15:01] ESTADO: Uso 81.00% (1.50GB) | Libre .35GB
>>> [ALERTA] CONSUMO: EN AUMENTO (81%)
Top Procesos:
stress-ng-vm (174.699 MB)
stress-ng-vm (173.254 MB)
stress-ng-vm (171.938 MB)
stress-ng-vm (149.82 MB)
stress-ng-vm (141.379 MB)
--------------------------------------------------
[2026-01-27 23:16:01] ESTADO: Uso 88.00% (1.65GB) | Libre .20GB
>>> [ALERTA] CONSUMO: EN AUMENTO (88%)
Top Procesos:
stress-ng-vm (186.496 MB)
stress-ng-vm (130.379 MB)
stress-ng-vm (130.27 MB)
stress-ng-vm (130.266 MB)
stress-ng-vm (130.254 MB)
--------------------------------------------------
[2026-01-27 23:17:01] ESTADO: Uso 96.00% (1.78GB) | Libre .07GB
>>> [CRITICO] CONSUMO DE MEMORIA: 96%
Top Procesos:
stress-ng-vm (172.395 MB)
stress-ng-vm (128.723 MB)
stress-ng-vm (128.652 MB)
stress-ng-vm (128.551 MB)
stress-ng-vm (127.594 MB)
--------------------------------------------------
[2026-01-27 23:18:01] ESTADO: Uso 95.00% (1.76GB) | Libre .09GB
>>> [CRITICO] CONSUMO DE MEMORIA: 95%
Top Procesos:
stress-ng-vm (168.086 MB)
stress-ng-vm (142.586 MB)
stress-ng-vm (125.402 MB)
stress-ng-vm (123.676 MB)
stress-ng-vm (111.223 MB)
--------------------------------------------------
[2026-01-27 23:19:01] ESTADO: Uso 95.00% (1.77GB) | Libre .07GB
>>> [CRITICO] CONSUMO DE MEMORIA: 95%
Top Procesos:
stress-ng-vm (172.336 MB)
stress-ng-vm (171.969 MB)
stress-ng-vm (162.586 MB)
stress-ng-vm (125.402 MB)
stress-ng-vm (123.301 MB)
--------------------------------------------------
[2026-01-27 23:20:01] ESTADO: Uso 98.00% (1.83GB) | Libre .02GB
>>> [CRITICO] CONSUMO DE MEMORIA: 98%
Top Procesos:
stress-ng-vm (168.328 MB)
stress-ng-vm (165.75 MB)
stress-ng-vm (154.602 MB)
stress-ng-vm (125.152 MB)
stress-ng-vm (115.051 MB)
--------------------------------------------------
[2026-01-27 23:21:02] ESTADO: Uso 97.00% (1.80GB) | Libre .05GB
>>> [CRITICO] CONSUMO DE MEMORIA: 97%
Top Procesos:
stress-ng-vm (163.164 MB)
stress-ng-vm (151.211 MB)
stress-ng-vm (137.711 MB)
stress-ng-vm (125.152 MB)
stress-ng-vm (115.051 MB)
--------------------------------------------------
[2026-01-27 23:22:01] ESTADO: Uso 97.00% (1.81GB) | Libre .04GB
>>> [CRITICO] CONSUMO DE MEMORIA: 97%
Top Procesos:
stress-ng-vm (172.461 MB)
stress-ng-vm (141.461 MB)
stress-ng-vm (125.152 MB)
stress-ng-vm (119.211 MB)
stress-ng-vm (114.426 MB)
--------------------------------------------------
[2026-01-27 23:23:01] ESTADO: Uso 66.00% (1.23GB) | Libre .62GB
--------------------------------------------------
[2026-01-27 23:24:01] ESTADO: Uso 65.00% (1.21GB) | Libre .63GB
--------------------------------------------------
[2026-01-27 23:25:01] ESTADO: Uso 65.00% (1.22GB) | Libre .63GB
--------------------------------------------------
[2026-01-27 23:26:01] ESTADO: Uso 65.00% (1.21GB) | Libre .64GB
--------------------------------------------------
[2026-01-27 23:27:01] ESTADO: Uso 65.00% (1.21GB) | Libre .63GB
--------------------------------------------------
[2026-01-27 23:28:01] ESTADO: Uso 65.00% (1.21GB) | Libre .63GB
--------------------------------------------------
[2026-01-27 23:29:01] ESTADO: Uso 65.00% (1.21GB) | Libre .64GB
--------------------------------------------------
[2026-01-27 23:30:02] ESTADO: Uso 65.00% (1.21GB) | Libre .64GB
--------------------------------------------------
[2026-01-27 23:31:01] ESTADO: Uso 65.00% (1.21GB) | Libre .63GB
--------------------------------------------------
[2026-01-27 23:32:01] ESTADO: Uso 65.00% (1.21GB) | Libre .63GB
--------------------------------------------------
[2026-01-27 23:33:01] ESTADO: Uso 65.00% (1.21GB) | Libre .63GB
--------------------------------------------------
[2026-01-27 23:34:01] ESTADO: Uso 65.00% (1.21GB) | Libre .63GB
--------------------------------------------------
[2026-01-27 23:35:01] ESTADO: Uso 65.00% (1.21GB) | Libre .63GB
--------------------------------------------------
[2026-01-27 23:36:01] ESTADO: Uso 65.00% (1.21GB) | Libre .63GB
--------------------------------------------------
[2026-01-27 23:37:01] ESTADO: Uso 65.00% (1.21GB) | Libre .63GB
--------------------------------------------------
[2026-01-27 23:38:01] ESTADO: Uso 65.00% (1.21GB) | Libre .63GB
--------------------------------------------------
[2026-01-27 23:39:01] ESTADO: Uso 65.00% (1.21GB) | Libre .63GB
--------------------------------------------------
[2026-01-27 23:40:01] ESTADO: Uso 65.00% (1.21GB) | Libre .63GB
--------------------------------------------------
[2026-01-27 23:41:01] ESTADO: Uso 65.00% (1.21GB) | Libre .63GB
--------------------------------------------------
[2026-01-27 23:42:01] ESTADO: Uso 65.00% (1.21GB) | Libre .63GB
--------------------------------------------------
[2026-01-27 23:43:01] ESTADO: Uso 65.00% (1.21GB) | Libre .63GB
--------------------------------------------------
[2026-01-27 23:44:01] ESTADO: Uso 65.00% (1.21GB) | Libre .63GB
--------------------------------------------------
[2026-01-27 23:45:01] ESTADO: Uso 67.00% (1.24GB) | Libre .61GB
--------------------------------------------------
[2026-01-27 23:46:01] ESTADO: Uso 67.00% (1.24GB) | Libre .61GB
--------------------------------------------------
[2026-01-27 23:47:01] ESTADO: Uso 67.00% (1.24GB) | Libre .60GB
--------------------------------------------------
[2026-01-27 23:48:01] ESTADO: Uso 67.00% (1.25GB) | Libre .60GB
--------------------------------------------------
[2026-01-27 23:49:01] ESTADO: Uso 68.00% (1.27GB) | Libre .58GB
--------------------------------------------------
[2026-01-27 23:50:01] ESTADO: Uso 68.00% (1.26GB) | Libre .58GB
--------------------------------------------------
[2026-01-27 23:51:01] ESTADO: Uso 68.00% (1.26GB) | Libre .58GB
--------------------------------------------------
[2026-01-27 23:52:01] ESTADO: Uso 68.00% (1.26GB) | Libre .58GB
--------------------------------------------------
[2026-01-27 23:53:01] ESTADO: Uso 68.00% (1.26GB) | Libre .58GB
--------------------------------------------------
[2026-01-27 23:54:01] ESTADO: Uso 68.00% (1.26GB) | Libre .58GB
--------------------------------------------------
[2026-01-27 23:55:01] ESTADO: Uso 68.00% (1.26GB) | Libre .58GB
--------------------------------------------------
[2026-01-27 23:56:01] ESTADO: Uso 68.00% (1.26GB) | Libre .59GB
--------------------------------------------------
[2026-01-27 23:57:01] ESTADO: Uso 68.00% (1.26GB) | Libre .59GB
--------------------------------------------------
[2026-01-27 23:58:01] ESTADO: Uso 68.00% (1.26GB) | Libre .59GB
--------------------------------------------------
[2026-01-27 23:59:01] ESTADO: Uso 67.00% (1.25GB) | Libre .59GB
--------------------------------------------------
[2026-01-28 00:00:01] ESTADO: Uso 67.00% (1.25GB) | Libre .59GB
--------------------------------------------------
[2026-01-28 00:01:01] ESTADO: Uso 67.00% (1.25GB) | Libre .59GB
--------------------------------------------------
[2026-01-28 00:02:01] ESTADO: Uso 68.00% (1.26GB) | Libre .59GB
